[debug] [2025-11-30T13:03:13.389Z] ----------------------------------------------------------------------
[debug] [2025-11-30T13:03:13.391Z] Command:       C:\Users\USER\AppData\Local\Microsoft\WinGet\Packages\Google.FirebaseCLI_Microsoft.Winget.Source_8wekyb3d8bbwe\firebase.exe C:\Users\USER\.cache\firebase\tools\lib\node_modules\firebase-tools\lib\bin\firebase deploy --only hosting --dry-run
[debug] [2025-11-30T13:03:13.392Z] CLI Version:   14.11.0
[debug] [2025-11-30T13:03:13.392Z] Platform:      win32
[debug] [2025-11-30T13:03:13.392Z] Node Version:  v20.18.2
[debug] [2025-11-30T13:03:13.392Z] Time:          Sun Nov 30 2025 14:03:13 GMT+0100 (West Africa Standard Time)
[debug] [2025-11-30T13:03:13.392Z] ----------------------------------------------------------------------
[debug] 
[debug] [2025-11-30T13:03:13.567Z] > command requires scopes: ["email","openid","https://www.googleapis.com/auth/cloudplatformprojects.readonly","https://www.googleapis.com/auth/firebase","https://www.googleapis.com/auth/cloud-platform"]
[debug] [2025-11-30T13:03:13.568Z] > authorizing via signed-in user (acceptedcamel@gmail.com)
[debug] [2025-11-30T13:03:13.568Z] [iam] checking project brainboost-test for permissions ["firebase.projects.get","firebasehosting.sites.update"]
[debug] [2025-11-30T13:03:13.569Z] Checked if tokens are valid: true, expires at: 1764511350080
[debug] [2025-11-30T13:03:13.569Z] Checked if tokens are valid: true, expires at: 1764511350080
[debug] [2025-11-30T13:03:13.570Z] >>> [apiv2][query] POST https://cloudresourcemanager.googleapis.com/v1/projects/brainboost-test:testIamPermissions [none]
[debug] [2025-11-30T13:03:13.571Z] >>> [apiv2][(partial)header] POST https://cloudresourcemanager.googleapis.com/v1/projects/brainboost-test:testIamPermissions x-goog-quota-user=projects/brainboost-test
[debug] [2025-11-30T13:03:13.571Z] >>> [apiv2][body] POST https://cloudresourcemanager.googleapis.com/v1/projects/brainboost-test:testIamPermissions {"permissions":["firebase.projects.get","firebasehosting.sites.update"]}
[debug] [2025-11-30T13:03:15.194Z] <<< [apiv2][status] POST https://cloudresourcemanager.googleapis.com/v1/projects/brainboost-test:testIamPermissions 200
[debug] [2025-11-30T13:03:15.194Z] <<< [apiv2][body] POST https://cloudresourcemanager.googleapis.com/v1/projects/brainboost-test:testIamPermissions {"permissions":["firebase.projects.get","firebasehosting.sites.update"]}
[debug] [2025-11-30T13:03:15.195Z] Checked if tokens are valid: true, expires at: 1764511350080
[debug] [2025-11-30T13:03:15.195Z] Checked if tokens are valid: true, expires at: 1764511350080
[debug] [2025-11-30T13:03:15.195Z] >>> [apiv2][query] GET https://firebase.googleapis.com/v1beta1/projects/brainboost-test [none]
[debug] [2025-11-30T13:03:17.066Z] <<< [apiv2][status] GET https://firebase.googleapis.com/v1beta1/projects/brainboost-test 200
[debug] [2025-11-30T13:03:17.066Z] <<< [apiv2][body] GET https://firebase.googleapis.com/v1beta1/projects/brainboost-test {"projectId":"brainboost-test","projectNumber":"285463325240","displayName":"brainboost-test","name":"projects/brainboost-test","resources":{"hostingSite":"brainboost-test"},"state":"ACTIVE","etag":"1_5bab3d42-360c-4bec-82e1-169523973065"}
[info] 
   Thank you for trying our early preview of Next.js support on Firebase Hosting.
   During the preview, support is best-effort and breaking changes can be expected. Proceed with caution.
   The integration is known to work with Next.js version 12 - 15.0. You may encounter errors.

   Documentation: https://firebase.google.com/docs/hosting/frameworks/nextjs
   File a bug: https://github.com/firebase/firebase-tools/issues/new?template=bug_report.md
   Submit a feature request: https://github.com/firebase/firebase-tools/issues/new?template=feature_request.md

   We'd love to learn from you. Express your interest in helping us shape the future of Firebase Hosting: https://goo.gle/41enW5X

[debug] [2025-11-30T13:03:47.367Z] Checked if tokens are valid: true, expires at: 1764511350080
[debug] [2025-11-30T13:03:47.367Z] Checked if tokens are valid: true, expires at: 1764511350080
[debug] [2025-11-30T13:03:47.367Z] >>> [apiv2][query] GET https://firebasehosting.googleapis.com/v1beta1/projects/brainboost-test/sites/brainboost-test [none]
[debug] [2025-11-30T13:03:48.699Z] <<< [apiv2][status] GET https://firebasehosting.googleapis.com/v1beta1/projects/brainboost-test/sites/brainboost-test 200
[debug] [2025-11-30T13:03:48.699Z] <<< [apiv2][body] GET https://firebasehosting.googleapis.com/v1beta1/projects/brainboost-test/sites/brainboost-test {"name":"projects/brainboost-test/sites/brainboost-test","defaultUrl":"https://brainboost-test.web.app","type":"DEFAULT_SITE"}
[info] [baseline-browser-mapping] The data in this module is over two months old.  To ensure accurate Baseline data, please update: `npm i baseline-browser-mapping@latest -D`

[info]  ⚠ `images.domains` is deprecated in favor of `images.remotePatterns`. Please update next.config.ts to protect your application from malicious users.

[info]    ▲ Next.js 16.0.1 (Turbopack)
   - Environments: .env.local

[info] 

[info]    Creating an optimized production build ...

[info] [baseline-browser-mapping] The data in this module is over two months old.  To ensure accurate Baseline data, please update: `npm i baseline-browser-mapping@latest -D`

[info]  ✓ Compiled successfully in 2.5s

[info]    Running TypeScript ...

[info]    Collecting page data ...

[info] [baseline-browser-mapping] The data in this module is over two months old.  To ensure accurate Baseline data, please update: `npm i baseline-browser-mapping@latest -D`

[info] [baseline-browser-mapping] The data in this module is over two months old.  To ensure accurate Baseline data, please update: `npm i baseline-browser-mapping@latest -D`

[info] [baseline-browser-mapping] The data in this module is over two months old.  To ensure accurate Baseline data, please update: `npm i baseline-browser-mapping@latest -D`

[info] [baseline-browser-mapping] The data in this module is over two months old.  To ensure accurate Baseline data, please update: `npm i baseline-browser-mapping@latest -D`

[info] [baseline-browser-mapping] The data in this module is over two months old.  To ensure accurate Baseline data, please update: `npm i baseline-browser-mapping@latest -D`

[info] [baseline-browser-mapping] The data in this module is over two months old.  To ensure accurate Baseline data, please update: `npm i baseline-browser-mapping@latest -D`

[info]    Generating static pages (0/4) ...

[info] [baseline-browser-mapping] The data in this module is over two months old.  To ensure accurate Baseline data, please update: `npm i baseline-browser-mapping@latest -D`

[info]    Generating static pages (1/4) 

[info]    Generating static pages (2/4) 

[info]    Generating static pages (3/4) 

[info]  ✓ Generating static pages (4/4) in 11.1s

[info]    Finalizing page optimization ...

[info] 

[info] Route (app)
┌ ○ /
├ ○ /_not-found
├ ƒ /api/payment-return
├ ƒ /payment-status/[sessionId]
└ ƒ /question/details/[id]



[info] ○  (Static)   prerendered as static content
ƒ  (Dynamic)  server-rendered on demand


[debug] [2025-11-30T13:04:21.355Z] Error: ENOENT: no such file or directory, open 'C:\Users\USER\Documents\codes\bb-app\link\.next\server\middleware-manifest.json'
[error] 
[error] Error: An unexpected error has occurred.
[debug] [2025-11-30T13:06:31.368Z] ----------------------------------------------------------------------
[debug] [2025-11-30T13:06:31.371Z] Command:       C:\Users\USER\AppData\Local\Microsoft\WinGet\Packages\Google.FirebaseCLI_Microsoft.Winget.Source_8wekyb3d8bbwe\firebase.exe C:\Users\USER\.cache\firebase\tools\lib\node_modules\firebase-tools\lib\bin\firebase deploy --only hosting --dry-run
[debug] [2025-11-30T13:06:31.371Z] CLI Version:   14.11.0
[debug] [2025-11-30T13:06:31.371Z] Platform:      win32
[debug] [2025-11-30T13:06:31.371Z] Node Version:  v20.18.2
[debug] [2025-11-30T13:06:31.371Z] Time:          Sun Nov 30 2025 14:06:31 GMT+0100 (West Africa Standard Time)
[debug] [2025-11-30T13:06:31.372Z] ----------------------------------------------------------------------
[debug] 
[debug] [2025-11-30T13:06:31.673Z] > command requires scopes: ["email","openid","https://www.googleapis.com/auth/cloudplatformprojects.readonly","https://www.googleapis.com/auth/firebase","https://www.googleapis.com/auth/cloud-platform"]
[debug] [2025-11-30T13:06:31.674Z] > authorizing via signed-in user (acceptedcamel@gmail.com)
[debug] [2025-11-30T13:06:31.674Z] [iam] checking project brainboost-test for permissions ["firebase.projects.get","firebasehosting.sites.update"]
[debug] [2025-11-30T13:06:31.675Z] Checked if tokens are valid: true, expires at: 1764511350080
[debug] [2025-11-30T13:06:31.675Z] Checked if tokens are valid: true, expires at: 1764511350080
[debug] [2025-11-30T13:06:31.677Z] >>> [apiv2][query] POST https://cloudresourcemanager.googleapis.com/v1/projects/brainboost-test:testIamPermissions [none]
[debug] [2025-11-30T13:06:31.677Z] >>> [apiv2][(partial)header] POST https://cloudresourcemanager.googleapis.com/v1/projects/brainboost-test:testIamPermissions x-goog-quota-user=projects/brainboost-test
[debug] [2025-11-30T13:06:31.677Z] >>> [apiv2][body] POST https://cloudresourcemanager.googleapis.com/v1/projects/brainboost-test:testIamPermissions {"permissions":["firebase.projects.get","firebasehosting.sites.update"]}
[debug] [2025-11-30T13:06:33.750Z] <<< [apiv2][status] POST https://cloudresourcemanager.googleapis.com/v1/projects/brainboost-test:testIamPermissions 200
[debug] [2025-11-30T13:06:33.750Z] <<< [apiv2][body] POST https://cloudresourcemanager.googleapis.com/v1/projects/brainboost-test:testIamPermissions {"permissions":["firebase.projects.get","firebasehosting.sites.update"]}
[debug] [2025-11-30T13:06:33.750Z] Checked if tokens are valid: true, expires at: 1764511350080
[debug] [2025-11-30T13:06:33.750Z] Checked if tokens are valid: true, expires at: 1764511350080
[debug] [2025-11-30T13:06:33.751Z] >>> [apiv2][query] GET https://firebase.googleapis.com/v1beta1/projects/brainboost-test [none]
[debug] [2025-11-30T13:06:34.865Z] <<< [apiv2][status] GET https://firebase.googleapis.com/v1beta1/projects/brainboost-test 200
[debug] [2025-11-30T13:06:34.866Z] <<< [apiv2][body] GET https://firebase.googleapis.com/v1beta1/projects/brainboost-test {"projectId":"brainboost-test","projectNumber":"285463325240","displayName":"brainboost-test","name":"projects/brainboost-test","resources":{"hostingSite":"brainboost-test"},"state":"ACTIVE","etag":"1_5bab3d42-360c-4bec-82e1-169523973065"}
[info] 
   Thank you for trying our early preview of Next.js support on Firebase Hosting.
   During the preview, support is best-effort and breaking changes can be expected. Proceed with caution.
   The integration is known to work with Next.js version 12 - 15.0. You may encounter errors.

   Documentation: https://firebase.google.com/docs/hosting/frameworks/nextjs
   File a bug: https://github.com/firebase/firebase-tools/issues/new?template=bug_report.md
   Submit a feature request: https://github.com/firebase/firebase-tools/issues/new?template=feature_request.md

   We'd love to learn from you. Express your interest in helping us shape the future of Firebase Hosting: https://goo.gle/41enW5X

[debug] [2025-11-30T13:07:03.610Z] Checked if tokens are valid: true, expires at: 1764511350080
[debug] [2025-11-30T13:07:03.610Z] Checked if tokens are valid: true, expires at: 1764511350080
[debug] [2025-11-30T13:07:03.610Z] >>> [apiv2][query] GET https://firebasehosting.googleapis.com/v1beta1/projects/brainboost-test/sites/brainboost-test [none]
[debug] [2025-11-30T13:07:05.646Z] <<< [apiv2][status] GET https://firebasehosting.googleapis.com/v1beta1/projects/brainboost-test/sites/brainboost-test 200
[debug] [2025-11-30T13:07:05.646Z] <<< [apiv2][body] GET https://firebasehosting.googleapis.com/v1beta1/projects/brainboost-test/sites/brainboost-test {"name":"projects/brainboost-test/sites/brainboost-test","defaultUrl":"https://brainboost-test.web.app","type":"DEFAULT_SITE"}
[info] [baseline-browser-mapping] The data in this module is over two months old.  To ensure accurate Baseline data, please update: `npm i baseline-browser-mapping@latest -D`

[info]  ⚠ `images.domains` is deprecated in favor of `images.remotePatterns`. Please update next.config.ts to protect your application from malicious users.

[info]    ▲ Next.js 16.0.1 (Turbopack)

[info]    - Environments: .env.local


[info]    Creating an optimized production build ...

[info] [baseline-browser-mapping] The data in this module is over two months old.  To ensure accurate Baseline data, please update: `npm i baseline-browser-mapping@latest -D`

[info]  ✓ Compiled successfully in 2.6s

[info]    Running TypeScript ...

[info]    Collecting page data ...

[info] [baseline-browser-mapping] The data in this module is over two months old.  To ensure accurate Baseline data, please update: `npm i baseline-browser-mapping@latest -D`

[info] [baseline-browser-mapping] The data in this module is over two months old.  To ensure accurate Baseline data, please update: `npm i baseline-browser-mapping@latest -D`

[info] [baseline-browser-mapping] The data in this module is over two months old.  To ensure accurate Baseline data, please update: `npm i baseline-browser-mapping@latest -D`

[info] [baseline-browser-mapping] The data in this module is over two months old.  To ensure accurate Baseline data, please update: `npm i baseline-browser-mapping@latest -D`

[info] [baseline-browser-mapping] The data in this module is over two months old.  To ensure accurate Baseline data, please update: `npm i baseline-browser-mapping@latest -D`

[info] [baseline-browser-mapping] The data in this module is over two months old.  To ensure accurate Baseline data, please update: `npm i baseline-browser-mapping@latest -D`

[info]    Generating static pages (0/4) ...

[info] [baseline-browser-mapping] The data in this module is over two months old.  To ensure accurate Baseline data, please update: `npm i baseline-browser-mapping@latest -D`

[info]    Generating static pages (1/4) 

[info]    Generating static pages (2/4) 

[info]    Generating static pages (3/4) 

[info]  ✓ Generating static pages (4/4) in 10.3s

[info]    Finalizing page optimization ...

[info] 

[info] Route (app)
┌ ○ /
├ ○ /_not-found
├ ƒ /api/payment-return
├ ƒ /payment-status/[sessionId]
└ ƒ /question/details/[id]


[info] 
○  (Static)   prerendered as static content
ƒ  (Dynamic)  server-rendered on demand


[debug] [2025-11-30T13:07:37.260Z] Error: ENOENT: no such file or directory, open 'C:\Users\USER\Documents\codes\bb-app\link\.next\server\middleware-manifest.json'
[error] 
[error] Error: An unexpected error has occurred.
